# JRE version: Java(TM) SE Runtime Environment (21.0.6+8) (build 21.0.6+8-LTS-188)
# Java VM: Java HotSpot(TM) 64-Bit Server VM (21.0.6+8-LTS-188, mixed mode, sharing, tiered, compressed oops, compressed class ptrs, g1 gc, windows-amd64)
GC Precious Log:
 CardTable entry size: 512
 Card Set container configuration: InlinePtr #cards 5 size 8 Array Of Cards #cards 12 size 40 Howl #buckets 4 coarsen threshold 1843 Howl Bitmap #cards 512 size 80 coarsen threshold 460 Card regions per heap region 1 cards per card region 2048
 CPUs: 4 total, 4 available
 Memory: 7998M
 Large Page Support: Disabled
 NUMA Support: Disabled
 Compressed Oops: Enabled (32-bit)
 Heap Region Size: 1M
 Heap Min Capacity: 256M
 Heap Initial Capacity: 256M
 Heap Max Capacity: 512M
 Pre-touch: Disabled
 Parallel Workers: 4
 Concurrent Workers: 1
 Concurrent Refinement Workers: 4
 Periodic GC: Disabled
Heap:
 garbage-first heap   total 262144K, used 199133K [0x00000000e0000000, 0x0000000100000000)
  region size 1024K, 153 young (156672K), 12 survivors (12288K)
 Metaspace       used 72020K, committed 74240K, reserved 393216K
  class space    used 10089K, committed 11200K, reserved 327680K
GC Heap History (17 events):
Event: 0.838 GC heap before
{Heap before GC invocations=0 (full 0):
 garbage-first heap   total 262144K, used 13312K [0x00000000e0000000, 0x0000000100000000)
  region size 1024K, 13 young (13312K), 0 survivors (0K)
 Metaspace       used 795K, committed 960K, reserved 393216K
  class space    used 67K, committed 128K, reserved 327680K
}
Event: 0.851 GC heap after
{Heap after GC invocations=1 (full 0):
 garbage-first heap   total 262144K, used 1316K [0x00000000e0000000, 0x0000000100000000)
  region size 1024K, 2 young (2048K), 2 survivors (2048K)
 Metaspace       used 795K, committed 960K, reserved 393216K
  class space    used 67K, committed 128K, reserved 327680K
}
Event: 2.915 GC heap before
{Heap before GC invocations=1 (full 0):
 garbage-first heap   total 262144K, used 28964K [0x00000000e0000000, 0x0000000100000000)
  region size 1024K, 27 young (27648K), 2 survivors (2048K)
 Metaspace       used 3595K, committed 3776K, reserved 393216K
  class space    used 448K, committed 512K, reserved 327680K
}
Event: 2.921 GC heap after
{Heap after GC invocations=2 (full 0):
 garbage-first heap   total 262144K, used 10231K [0x00000000e0000000, 0x0000000100000000)
  region size 1024K, 4 young (4096K), 4 survivors (4096K)
 Metaspace       used 3595K, committed 3776K, reserved 393216K
  class space    used 448K, committed 512K, reserved 327680K
}
Event: 9.863 GC heap before
{Heap before GC invocations=2 (full 0):
 garbage-first heap   total 262144K, used 162807K [0x00000000e0000000, 0x0000000100000000)
  region size 1024K, 153 young (156672K), 4 survivors (4096K)
 Metaspace       used 20860K, committed 21504K, reserved 393216K
  class space    used 2990K, committed 3328K, reserved 327680K
}
Event: 9.891 GC heap after
{Heap after GC invocations=3 (full 0):
 garbage-first heap   total 262144K, used 23857K [0x00000000e0000000, 0x0000000100000000)
  region size 1024K, 17 young (17408K), 17 survivors (17408K)
 Metaspace       used 20860K, committed 21504K, reserved 393216K
  class space    used 2990K, committed 3328K, reserved 327680K
}
Event: 13.810 GC heap before
{Heap before GC invocations=4 (full 0):
 garbage-first heap   total 262144K, used 107825K [0x00000000e0000000, 0x0000000100000000)
  region size 1024K, 100 young (102400K), 17 survivors (17408K)
 Metaspace       used 32622K, committed 33536K, reserved 393216K
  class space    used 4570K, committed 4992K, reserved 327680K
}
Event: 13.843 GC heap after
{Heap after GC invocations=5 (full 0):
 garbage-first heap   total 262144K, used 31638K [0x00000000e0000000, 0x0000000100000000)
  region size 1024K, 8 young (8192K), 8 survivors (8192K)
 Metaspace       used 32622K, committed 33536K, reserved 393216K
  class space    used 4570K, committed 4992K, reserved 327680K
}
Event: 14.902 GC heap before
{Heap before GC invocations=5 (full 0):
 garbage-first heap   total 262144K, used 56214K [0x00000000e0000000, 0x0000000100000000)
  region size 1024K, 28 young (28672K), 8 survivors (8192K)
 Metaspace       used 34916K, committed 35968K, reserved 393216K
  class space    used 4779K, committed 5312K, reserved 327680K
}
Event: 14.915 GC heap after
{Heap after GC invocations=6 (full 0):
 garbage-first heap   total 262144K, used 33443K [0x00000000e0000000, 0x0000000100000000)
  region size 1024K, 3 young (3072K), 3 survivors (3072K)
 Metaspace       used 34916K, committed 35968K, reserved 393216K
  class space    used 4779K, committed 5312K, reserved 327680K
}
Event: 22.431 GC heap before
{Heap before GC invocations=7 (full 0):
 garbage-first heap   total 262144K, used 188067K [0x00000000e0000000, 0x0000000100000000)
  region size 1024K, 153 young (156672K), 3 survivors (3072K)
 Metaspace       used 50514K, committed 52224K, reserved 393216K
  class space    used 7118K, committed 7936K, reserved 327680K
}
Event: 22.449 GC heap after
{Heap after GC invocations=8 (full 0):
 garbage-first heap   total 262144K, used 42234K [0x00000000e0000000, 0x0000000100000000)
  region size 1024K, 12 young (12288K), 12 survivors (12288K)
 Metaspace       used 50514K, committed 52224K, reserved 393216K
  class space    used 7118K, committed 7936K, reserved 327680K
}
Event: 31.679 GC heap before
{Heap before GC invocations=8 (full 0):
 garbage-first heap   total 262144K, used 173306K [0x00000000e0000000, 0x0000000100000000)
  region size 1024K, 141 young (144384K), 12 survivors (12288K)
 Metaspace       used 58121K, committed 60096K, reserved 393216K
  class space    used 8167K, committed 9152K, reserved 327680K
}
Event: 31.719 GC heap after
{Heap after GC invocations=9 (full 0):
 garbage-first heap   total 262144K, used 51900K [0x00000000e0000000, 0x0000000100000000)
  region size 1024K, 19 young (19456K), 19 survivors (19456K)
 Metaspace       used 58121K, committed 60096K, reserved 393216K
  class space    used 8167K, committed 9152K, reserved 327680K
}
Event: 32.390 GC heap before
{Heap before GC invocations=9 (full 0):
 garbage-first heap   total 262144K, used 69308K [0x00000000e0000000, 0x0000000100000000)
  region size 1024K, 37 young (37888K), 19 survivors (19456K)
 Metaspace       used 58376K, committed 60416K, reserved 393216K
  class space    used 8176K, committed 9216K, reserved 327680K
}
Event: 32.418 GC heap after
{Heap after GC invocations=10 (full 0):
 garbage-first heap   total 262144K, used 54749K [0x00000000e0000000, 0x0000000100000000)
  region size 1024K, 12 young (12288K), 12 survivors (12288K)
 Metaspace       used 58376K, committed 60416K, reserved 393216K
  class space    used 8176K, committed 9216K, reserved 327680K
}
Event: 44.378 GC heap before
{Heap before GC invocations=11 (full 0):
 garbage-first heap   total 262144K, used 198109K [0x00000000e0000000, 0x0000000100000000)
  region size 1024K, 153 young (156672K), 12 survivors (12288K)
 Metaspace       used 72020K, committed 74240K, reserved 393216K
  class space    used 10089K, committed 11200K, reserved 327680K
}

